2021-08-31 16:22:56.858  INFO 552 --- [main] com.usoit.api.DurontotourismApplication  : Starting DurontotourismApplication on DESKTOP-R8UMHHC with PID 552 (started by MD_Shafiul in I:\Web Project\durontotourism-api)
2021-08-31 16:22:56.928 DEBUG 552 --- [main] com.usoit.api.DurontotourismApplication  : Running with Spring Boot v2.2.2.RELEASE, Spring v5.2.2.RELEASE
2021-08-31 16:22:56.930  INFO 552 --- [main] com.usoit.api.DurontotourismApplication  : No active profile set, falling back to default profiles: default
2021-08-31 16:22:59.317  INFO 552 --- [main] .s.d.r.c.RepositoryConfigurationDelegate : Bootstrapping Spring Data JPA repositories in DEFAULT mode.
2021-08-31 16:22:59.513  INFO 552 --- [main] .s.d.r.c.RepositoryConfigurationDelegate : Finished Spring Data repository scanning in 185ms. Found 23 JPA repository interfaces.
2021-08-31 16:22:59.917  INFO 552 --- [main] trationDelegate$BeanPostProcessorChecker : Bean 'org.springframework.transaction.annotation.ProxyTransactionManagementConfiguration' of type [org.springframework.transaction.annotation.ProxyTransactionManagementConfiguration] is not eligible for getting processed by all BeanPostProcessors (for example: not eligible for auto-proxying)
2021-08-31 16:22:59.945  INFO 552 --- [main] trationDelegate$BeanPostProcessorChecker : Bean 'org.springframework.security.config.annotation.configuration.ObjectPostProcessorConfiguration' of type [org.springframework.security.config.annotation.configuration.ObjectPostProcessorConfiguration] is not eligible for getting processed by all BeanPostProcessors (for example: not eligible for auto-proxying)
2021-08-31 16:22:59.948  INFO 552 --- [main] trationDelegate$BeanPostProcessorChecker : Bean 'objectPostProcessor' of type [org.springframework.security.config.annotation.configuration.AutowireBeanFactoryObjectPostProcessor] is not eligible for getting processed by all BeanPostProcessors (for example: not eligible for auto-proxying)
2021-08-31 16:22:59.951  INFO 552 --- [main] trationDelegate$BeanPostProcessorChecker : Bean 'org.springframework.security.access.expression.method.DefaultMethodSecurityExpressionHandler@a52ca2e' of type [org.springframework.security.access.expression.method.DefaultMethodSecurityExpressionHandler] is not eligible for getting processed by all BeanPostProcessors (for example: not eligible for auto-proxying)
2021-08-31 16:22:59.952  INFO 552 --- [main] trationDelegate$BeanPostProcessorChecker : Bean 'org.springframework.security.config.annotation.method.configuration.GlobalMethodSecurityConfiguration' of type [org.springframework.security.config.annotation.method.configuration.GlobalMethodSecurityConfiguration] is not eligible for getting processed by all BeanPostProcessors (for example: not eligible for auto-proxying)
2021-08-31 16:22:59.958  INFO 552 --- [main] trationDelegate$BeanPostProcessorChecker : Bean 'org.springframework.security.config.annotation.method.configuration.Jsr250MetadataSourceConfiguration' of type [org.springframework.security.config.annotation.method.configuration.Jsr250MetadataSourceConfiguration] is not eligible for getting processed by all BeanPostProcessors (for example: not eligible for auto-proxying)
2021-08-31 16:22:59.959  INFO 552 --- [main] trationDelegate$BeanPostProcessorChecker : Bean 'jsr250MethodSecurityMetadataSource' of type [org.springframework.security.access.annotation.Jsr250MethodSecurityMetadataSource] is not eligible for getting processed by all BeanPostProcessors (for example: not eligible for auto-proxying)
2021-08-31 16:22:59.960  INFO 552 --- [main] trationDelegate$BeanPostProcessorChecker : Bean 'methodSecurityMetadataSource' of type [org.springframework.security.access.method.DelegatingMethodSecurityMetadataSource] is not eligible for getting processed by all BeanPostProcessors (for example: not eligible for auto-proxying)
2021-08-31 16:22:59.972  INFO 552 --- [main] trationDelegate$BeanPostProcessorChecker : Bean 'org.springframework.hateoas.config.HateoasConfiguration' of type [org.springframework.hateoas.config.HateoasConfiguration$$EnhancerBySpringCGLIB$$e06dbd98] is not eligible for getting processed by all BeanPostProcessors (for example: not eligible for auto-proxying)
2021-08-31 16:22:59.988  INFO 552 --- [main] trationDelegate$BeanPostProcessorChecker : Bean 'relProviderPluginRegistry' of type [org.springframework.plugin.core.support.PluginRegistryFactoryBean] is not eligible for getting processed by all BeanPostProcessors (for example: not eligible for auto-proxying)
2021-08-31 16:22:59.991  INFO 552 --- [main] trationDelegate$BeanPostProcessorChecker : Bean 'relProviderPluginRegistry' of type [org.springframework.plugin.core.OrderAwarePluginRegistry] is not eligible for getting processed by all BeanPostProcessors (for example: not eligible for auto-proxying)
2021-08-31 16:22:59.998  INFO 552 --- [main] trationDelegate$BeanPostProcessorChecker : Bean '_relProvider' of type [org.springframework.hateoas.server.core.DelegatingLinkRelationProvider] is not eligible for getting processed by all BeanPostProcessors (for example: not eligible for auto-proxying)
2021-08-31 16:23:00.005  INFO 552 --- [main] trationDelegate$BeanPostProcessorChecker : Bean 'messageResolver' of type [org.springframework.hateoas.mediatype.MessageSourceResolver] is not eligible for getting processed by all BeanPostProcessors (for example: not eligible for auto-proxying)
2021-08-31 16:23:00.007  INFO 552 --- [main] trationDelegate$BeanPostProcessorChecker : Bean 'org.springframework.hateoas.mediatype.hal.HalMediaTypeConfiguration' of type [org.springframework.hateoas.mediatype.hal.HalMediaTypeConfiguration$$EnhancerBySpringCGLIB$$3a624c6d] is not eligible for getting processed by all BeanPostProcessors (for example: not eligible for auto-proxying)
2021-08-31 16:23:00.011  INFO 552 --- [main] trationDelegate$BeanPostProcessorChecker : Bean 'org.springframework.boot.autoconfigure.jackson.JacksonAutoConfiguration$JacksonObjectMapperConfiguration' of type [org.springframework.boot.autoconfigure.jackson.JacksonAutoConfiguration$JacksonObjectMapperConfiguration] is not eligible for getting processed by all BeanPostProcessors (for example: not eligible for auto-proxying)
2021-08-31 16:23:00.013  INFO 552 --- [main] trationDelegate$BeanPostProcessorChecker : Bean 'org.springframework.boot.autoconfigure.jackson.JacksonAutoConfiguration$JacksonObjectMapperBuilderConfiguration' of type [org.springframework.boot.autoconfigure.jackson.JacksonAutoConfiguration$JacksonObjectMapperBuilderConfiguration] is not eligible for getting processed by all BeanPostProcessors (for example: not eligible for auto-proxying)
2021-08-31 16:23:00.016  INFO 552 --- [main] trationDelegate$BeanPostProcessorChecker : Bean 'org.springframework.boot.autoconfigure.jackson.JacksonAutoConfiguration$Jackson2ObjectMapperBuilderCustomizerConfiguration' of type [org.springframework.boot.autoconfigure.jackson.JacksonAutoConfiguration$Jackson2ObjectMapperBuilderCustomizerConfiguration] is not eligible for getting processed by all BeanPostProcessors (for example: not eligible for auto-proxying)
2021-08-31 16:23:00.032  INFO 552 --- [main] trationDelegate$BeanPostProcessorChecker : Bean 'spring.jackson-org.springframework.boot.autoconfigure.jackson.JacksonProperties' of type [org.springframework.boot.autoconfigure.jackson.JacksonProperties] is not eligible for getting processed by all BeanPostProcessors (for example: not eligible for auto-proxying)
2021-08-31 16:23:00.034  INFO 552 --- [main] trationDelegate$BeanPostProcessorChecker : Bean 'standardJacksonObjectMapperBuilderCustomizer' of type [org.springframework.boot.autoconfigure.jackson.JacksonAutoConfiguration$Jackson2ObjectMapperBuilderCustomizerConfiguration$StandardJackson2ObjectMapperBuilderCustomizer] is not eligible for getting processed by all BeanPostProcessors (for example: not eligible for auto-proxying)
2021-08-31 16:23:00.046  INFO 552 --- [main] trationDelegate$BeanPostProcessorChecker : Bean 'org.springframework.boot.autoconfigure.jackson.JacksonAutoConfiguration$ParameterNamesModuleConfiguration' of type [org.springframework.boot.autoconfigure.jackson.JacksonAutoConfiguration$ParameterNamesModuleConfiguration] is not eligible for getting processed by all BeanPostProcessors (for example: not eligible for auto-proxying)
2021-08-31 16:23:00.049  INFO 552 --- [main] trationDelegate$BeanPostProcessorChecker : Bean 'parameterNamesModule' of type [com.fasterxml.jackson.module.paramnames.ParameterNamesModule] is not eligible for getting processed by all BeanPostProcessors (for example: not eligible for auto-proxying)
2021-08-31 16:23:00.051  INFO 552 --- [main] trationDelegate$BeanPostProcessorChecker : Bean 'org.springframework.boot.autoconfigure.jackson.JacksonAutoConfiguration' of type [org.springframework.boot.autoconfigure.jackson.JacksonAutoConfiguration] is not eligible for getting processed by all BeanPostProcessors (for example: not eligible for auto-proxying)
2021-08-31 16:23:00.057  INFO 552 --- [main] trationDelegate$BeanPostProcessorChecker : Bean 'jsonComponentModule' of type [org.springframework.boot.jackson.JsonComponentModule] is not eligible for getting processed by all BeanPostProcessors (for example: not eligible for auto-proxying)
2021-08-31 16:23:00.060  INFO 552 --- [main] trationDelegate$BeanPostProcessorChecker : Bean 'org.springframework.data.web.config.SpringDataJacksonConfiguration' of type [org.springframework.data.web.config.SpringDataJacksonConfiguration] is not eligible for getting processed by all BeanPostProcessors (for example: not eligible for auto-proxying)
2021-08-31 16:23:00.064  INFO 552 --- [main] trationDelegate$BeanPostProcessorChecker : Bean 'jacksonGeoModule' of type [org.springframework.data.geo.GeoModule] is not eligible for getting processed by all BeanPostProcessors (for example: not eligible for auto-proxying)
2021-08-31 16:23:00.067  INFO 552 --- [main] trationDelegate$BeanPostProcessorChecker : Bean 'jacksonObjectMapperBuilder' of type [org.springframework.http.converter.json.Jackson2ObjectMapperBuilder] is not eligible for getting processed by all BeanPostProcessors (for example: not eligible for auto-proxying)
2021-08-31 16:23:00.083  INFO 552 --- [main] trationDelegate$BeanPostProcessorChecker : Bean 'jacksonObjectMapper' of type [com.fasterxml.jackson.databind.ObjectMapper] is not eligible for getting processed by all BeanPostProcessors (for example: not eligible for auto-proxying)
2021-08-31 16:23:00.125  INFO 552 --- [main] trationDelegate$BeanPostProcessorChecker : Bean 'hypermediaWebMvcConverters' of type [org.springframework.hateoas.config.WebConverters] is not eligible for getting processed by all BeanPostProcessors (for example: not eligible for auto-proxying)
2021-08-31 16:23:00.398  INFO 552 --- [main] o.s.b.w.embedded.tomcat.TomcatWebServer  : Tomcat initialized with port(s): 6060 (http)
2021-08-31 16:23:00.408  INFO 552 --- [main] o.apache.catalina.core.StandardService   : Starting service [Tomcat]
2021-08-31 16:23:00.408  INFO 552 --- [main] org.apache.catalina.core.StandardEngine  : Starting Servlet engine: [Apache Tomcat/9.0.29]
2021-08-31 16:23:00.530  INFO 552 --- [main] o.a.c.c.C.[Tomcat].[localhost].[/]       : Initializing Spring embedded WebApplicationContext
2021-08-31 16:23:00.530 DEBUG 552 --- [main] o.s.web.context.ContextLoader            : Published root WebApplicationContext as ServletContext attribute with name [org.springframework.web.context.WebApplicationContext.ROOT]
2021-08-31 16:23:00.530  INFO 552 --- [main] o.s.web.context.ContextLoader            : Root WebApplicationContext: initialization completed in 3521 ms
2021-08-31 16:23:00.957  INFO 552 --- [main] com.zaxxer.hikari.HikariDataSource       : HikariPool-1 - Starting...
2021-08-31 16:23:01.185  INFO 552 --- [main] com.zaxxer.hikari.HikariDataSource       : HikariPool-1 - Start completed.
2021-08-31 16:23:02.911  INFO 552 --- [main] j.LocalContainerEntityManagerFactoryBean : Initialized JPA EntityManagerFactory for persistence unit 'default'
2021-08-31 16:23:03.428 DEBUG 552 --- [main] c.u.a.s.config.JwtAuthenticationFilter   : Filter 'jwtAuthenticationFilter' configured for use
2021-08-31 16:23:03.428 DEBUG 552 --- [main] o.springframework.web.filter.CorsFilter  : Filter 'corsFilter' configured for use
2021-08-31 16:23:04.338 DEBUG 552 --- [main] s.w.s.m.m.a.RequestMappingHandlerMapping : 235 mappings in 'requestMappingHandlerMapping'
2021-08-31 16:23:04.405  INFO 552 --- [main] o.s.b.a.w.s.WelcomePageHandlerMapping    : Adding welcome page template: index
2021-08-31 16:23:04.600 DEBUG 552 --- [main] o.s.w.s.handler.SimpleUrlHandlerMapping  : Patterns [/webjars/**, /**] in 'resourceHandlerMapping'
2021-08-31 16:23:04.650  INFO 552 --- [main] o.s.s.web.DefaultSecurityFilterChain     : Creating filter chain: any request, [org.springframework.security.web.context.request.async.WebAsyncManagerIntegrationFilter@6d01f2e5, org.springframework.security.web.context.SecurityContextPersistenceFilter@41f5389f, org.springframework.security.web.header.HeaderWriterFilter@64921450, org.springframework.web.filter.CorsFilter@66e434e8, org.springframework.security.web.authentication.logout.LogoutFilter@72c175f1, com.usoit.api.security.config.JwtAuthenticationFilter@709d2a6c, org.springframework.security.web.savedrequest.RequestCacheAwareFilter@396c1228, org.springframework.security.web.servletapi.SecurityContextHolderAwareRequestFilter@32f45e15, org.springframework.security.web.authentication.AnonymousAuthenticationFilter@3a7d6976, org.springframework.security.web.session.SessionManagementFilter@774189d0, org.springframework.security.web.access.ExceptionTranslationFilter@152d2a58, org.springframework.security.web.access.intercept.FilterSecurityInterceptor@65f3f9e2]
2021-08-31 16:23:04.742  INFO 552 --- [main] o.s.s.concurrent.ThreadPoolTaskExecutor  : Initializing ExecutorService 'applicationTaskExecutor'
2021-08-31 16:23:04.767 DEBUG 552 --- [main] s.w.s.m.m.a.RequestMappingHandlerAdapter : ControllerAdvice beans: 0 @ModelAttribute, 0 @InitBinder, 1 RequestBodyAdvice, 1 ResponseBodyAdvice
2021-08-31 16:23:04.802 DEBUG 552 --- [main] .m.m.a.ExceptionHandlerExceptionResolver : ControllerAdvice beans: 1 @ExceptionHandler, 1 ResponseBodyAdvice
2021-08-31 16:23:05.523  INFO 552 --- [main] o.s.b.w.embedded.tomcat.TomcatWebServer  : Tomcat started on port(s): 6060 (http) with context path ''
2021-08-31 16:23:05.525  INFO 552 --- [main] com.usoit.api.DurontotourismApplication  : Started DurontotourismApplication in 9.244 seconds (JVM running for 10.288)
2021-08-31 16:23:46.893  INFO 552 --- [http-nio-6060-exec-1] o.a.c.c.C.[Tomcat].[localhost].[/]       : Initializing Spring DispatcherServlet 'dispatcherServlet'
2021-08-31 16:23:46.893  INFO 552 --- [http-nio-6060-exec-1] o.s.web.servlet.DispatcherServlet        : Initializing Servlet 'dispatcherServlet'
2021-08-31 16:23:46.894 DEBUG 552 --- [http-nio-6060-exec-1] o.s.web.servlet.DispatcherServlet        : Detected StandardServletMultipartResolver
2021-08-31 16:23:46.915 DEBUG 552 --- [http-nio-6060-exec-1] o.s.web.servlet.DispatcherServlet        : enableLoggingRequestDetails='false': request parameters and headers will be masked to prevent unsafe logging of potentially sensitive data
2021-08-31 16:23:46.915  INFO 552 --- [http-nio-6060-exec-1] o.s.web.servlet.DispatcherServlet        : Completed initialization in 22 ms
2021-08-31 16:23:46.937 DEBUG 552 --- [http-nio-6060-exec-1] s.w.s.m.m.a.RequestMappingHandlerMapping : Mapped to com.usoit.api.controller.MainController#getIndexPage(Model, HttpSession, HttpServletRequest)
2021-08-31 16:23:47.175 DEBUG 552 --- [http-nio-6060-exec-2] o.s.w.s.handler.SimpleUrlHandlerMapping  : Mapped to ResourceHttpRequestHandler ["classpath:/META-INF/resources/", "classpath:/resources/", "classpath:/static/", "classpath:/public/", "/"]
2021-08-31 17:29:05.786  WARN 552 --- [HikariPool-1 housekeeper] com.zaxxer.hikari.pool.HikariPool        : HikariPool-1 - Thread starvation or clock leap detected (housekeeper delta=5m33s510ms308µs246ns).
